;;; 
Export: Release 18.0.0.0.0 - Production on Thu Jun 2 11:10:05 2022
Version 18.3.0.0.0

Copyright (c) 1982, 2018, Oracle and/or its affiliates.  All rights reserved.
;;; 
Connected to: Oracle Database 18c Enterprise Edition Release 18.0.0.0.0 - Production
Starting "JUNIO"."SYS_EXPORT_SCHEMA_01":  junio/******** directory=backups_junio dumpfile=backup_11.dmp logfile=backup_tablas.log schemas=junio 
Processing object type SCHEMA_EXPORT/TABLE/TABLE_DATA
Processing object type SCHEMA_EXPORT/TABLE/INDEX/STATISTICS/INDEX_STATISTICS
Processing object type SCHEMA_EXPORT/TABLE/STATISTICS/TABLE_STATISTICS
Processing object type SCHEMA_EXPORT/STATISTICS/MARKER
Processing object type SCHEMA_EXPORT/USER
Processing object type SCHEMA_EXPORT/ROLE_GRANT
Processing object type SCHEMA_EXPORT/DEFAULT_ROLE
Processing object type SCHEMA_EXPORT/TABLESPACE_QUOTA
Processing object type SCHEMA_EXPORT/PRE_SCHEMA/PROCACT_SCHEMA
Processing object type SCHEMA_EXPORT/TABLE/TABLE
Processing object type SCHEMA_EXPORT/TABLE/COMMENT
Processing object type SCHEMA_EXPORT/TABLE/INDEX/INDEX
Processing object type SCHEMA_EXPORT/TABLE/CONSTRAINT/CONSTRAINT
. . exported "JUNIO"."METER_DATOS"                       5.085 KB       1 rows
Master table "JUNIO"."SYS_EXPORT_SCHEMA_01" successfully loaded/unloaded
******************************************************************************
Dump file set for JUNIO.SYS_EXPORT_SCHEMA_01 is:
  /home/alumno/Desktop/recuperacion/examen_recuperacion/backups/backup_11.dmp
Job "JUNIO"."SYS_EXPORT_SCHEMA_01" successfully completed at Thu Jun 2 11:10:55 2022 elapsed 0 00:00:48
